{"level":"info","time":"2022-12-15T18:07:03.073694313-03:00","caller":"/go/src/pkg/routines/DocSwagger.go:15","stack":"","message":"\n[SWAGGER] ------------------- \n\t2022/12/15 18:06:59 Generate swagger docs....\n2022/12/15 18:06:59 Generate general API Info, search dir:./\n2022/12/15 18:07:03 create docs.go at  docs/docs.go\n2022/12/15 18:07:03 create swagger.json at  docs/swagger.json\n2022/12/15 18:07:03 create swagger.yaml at  docs/swagger.yaml\n"}
{"level":"info","time":"2022-12-15T18:07:03.077126285-03:00","caller":"/go/src/pkg/server.go:96","stack":"","message":"[UP]: 2022-12-15T21:06:59.262164871Z | [TZ]: America/Sao_Paulo | [HOST]: 0.0.0.0:9000 | [ENVIRONMENT]: dev"}
{"level":"info","time":"2022-12-15T18:07:03.178070769-03:00","caller":"/go/src/pkg/routines/AnalyzeCode.go:36","stack":"","message":"\n[GOIMPORTS] -------------------------------------------- \n "}
{"level":"info","time":"2022-12-15T18:07:03.214287309-03:00","caller":"/go/src/pkg/routines/AnalyzeCode.go:26","stack":"","message":"\n[GOLINT] -------------------------------------------- \n "}
{"level":"info","time":"2022-12-15T18:07:16.973091402-03:00","caller":"/go/src/pkg/routines/AnalyzeCode.go:16","stack":"","message":"\n[GO VET] -------------------------------------------- \n "}
{"level":"info","time":"2022-12-15T18:07:18.414020925-03:00","caller":"/go/src/pkg/routines/AnalyzeCode.go:56","stack":"","message":"\n[GO STATIC CHECK] -------------------------------------------- \n "}
{"level":"info","time":"2022-12-15T18:07:19.105585146-03:00","caller":"/go/src/pkg/routines/AnalyzeCode.go:46","stack":"","message":"\n[GOCRITIC] -------------------------------------------- \u000b "}
{"level":"info","time":"2022-12-15T18:12:48.97038344-03:00","caller":"/go/src/pkg/routines/DocSwagger.go:15","stack":"","message":"\n[SWAGGER] ------------------- \n\t2022/12/15 18:12:48 Generate swagger docs....\n2022/12/15 18:12:48 Generate general API Info, search dir:./\n2022/12/15 18:12:48 create docs.go at  docs/docs.go\n2022/12/15 18:12:48 create swagger.json at  docs/swagger.json\n2022/12/15 18:12:48 create swagger.yaml at  docs/swagger.yaml\n"}
{"level":"info","time":"2022-12-15T18:12:48.975909457-03:00","caller":"/go/src/pkg/server.go:96","stack":"","message":"[UP]: 2022-12-15T21:12:48.698015718Z | [TZ]: America/Sao_Paulo | [HOST]: 0.0.0.0:9000 | [ENVIRONMENT]: dev"}
{"level":"info","time":"2022-12-15T18:12:49.020454201-03:00","caller":"/go/src/pkg/routines/AnalyzeCode.go:26","stack":"","message":"\n[GOLINT] -------------------------------------------- \n "}
{"level":"info","time":"2022-12-15T18:12:49.040219585-03:00","caller":"/go/src/pkg/routines/AnalyzeCode.go:36","stack":"","message":"\n[GOIMPORTS] -------------------------------------------- \n "}
{"level":"info","time":"2022-12-15T18:12:50.632670129-03:00","caller":"/go/src/pkg/routines/AnalyzeCode.go:16","stack":"","message":"\n[GO VET] -------------------------------------------- \n "}
{"level":"info","time":"2022-12-15T18:12:51.272505516-03:00","caller":"/go/src/pkg/routines/AnalyzeCode.go:56","stack":"","message":"\n[GO STATIC CHECK] -------------------------------------------- \n "}
{"level":"info","time":"2022-12-15T18:12:51.658087544-03:00","caller":"/go/src/pkg/routines/AnalyzeCode.go:46","stack":"","message":"\n[GOCRITIC] -------------------------------------------- \u000b "}
{"level":"info","time":"2022-12-15T18:14:16.115425727-03:00","caller":"/go/src/pkg/routines/DocSwagger.go:15","stack":"","message":"\n[SWAGGER] ------------------- \n\t2022/12/15 18:14:15 Generate swagger docs....\n2022/12/15 18:14:15 Generate general API Info, search dir:./\n2022/12/15 18:14:16 create docs.go at  docs/docs.go\n2022/12/15 18:14:16 create swagger.json at  docs/swagger.json\n2022/12/15 18:14:16 create swagger.yaml at  docs/swagger.yaml\n"}
{"level":"info","time":"2022-12-15T18:14:16.117338294-03:00","caller":"/go/src/pkg/server.go:96","stack":"","message":"[UP]: 2022-12-15T21:14:15.934306475Z | [TZ]: America/Sao_Paulo | [HOST]: 0.0.0.0:9000 | [ENVIRONMENT]: dev"}
{"level":"info","time":"2022-12-15T18:14:16.132229753-03:00","caller":"/go/src/pkg/routines/AnalyzeCode.go:26","stack":"","message":"\n[GOLINT] -------------------------------------------- \n "}
{"level":"info","time":"2022-12-15T18:14:16.139946049-03:00","caller":"/go/src/pkg/routines/AnalyzeCode.go:36","stack":"","message":"\n[GOIMPORTS] -------------------------------------------- \n "}
{"level":"info","time":"2022-12-15T18:14:17.263223902-03:00","caller":"/go/src/pkg/routines/AnalyzeCode.go:16","stack":"","message":"\n[GO VET] -------------------------------------------- \n "}
{"level":"info","time":"2022-12-15T18:14:17.923653874-03:00","caller":"/go/src/pkg/routines/AnalyzeCode.go:56","stack":"","message":"\n[GO STATIC CHECK] -------------------------------------------- \n "}
{"level":"info","time":"2022-12-15T18:14:18.184545826-03:00","caller":"/go/src/pkg/routines/AnalyzeCode.go:46","stack":"","message":"\n[GOCRITIC] -------------------------------------------- \u000b "}
{"level":"info","time":"2022-12-15T18:16:17.733155907-03:00","caller":"/go/src/pkg/routines/DocSwagger.go:15","stack":"","message":"\n[SWAGGER] ------------------- \n\t2022/12/15 18:16:17 Generate swagger docs....\n2022/12/15 18:16:17 Generate general API Info, search dir:./\n2022/12/15 18:16:17 create docs.go at  docs/docs.go\n2022/12/15 18:16:17 create swagger.json at  docs/swagger.json\n2022/12/15 18:16:17 create swagger.yaml at  docs/swagger.yaml\n"}
{"level":"info","time":"2022-12-15T18:16:17.733850444-03:00","caller":"/go/src/pkg/server.go:96","stack":"","message":"[UP]: 2022-12-15T21:16:17.560871823Z | [TZ]: America/Sao_Paulo | [HOST]: 0.0.0.0:9000 | [ENVIRONMENT]: dev"}
{"level":"info","time":"2022-12-15T18:16:17.751783048-03:00","caller":"/go/src/pkg/routines/AnalyzeCode.go:36","stack":"","message":"\n[GOIMPORTS] -------------------------------------------- \n "}
{"level":"info","time":"2022-12-15T18:16:17.787118999-03:00","caller":"/go/src/pkg/routines/AnalyzeCode.go:26","stack":"","message":"\n[GOLINT] -------------------------------------------- \n "}
{"level":"info","time":"2022-12-15T18:16:19.3194324-03:00","caller":"/go/src/pkg/routines/AnalyzeCode.go:16","stack":"","message":"\n[GO VET] -------------------------------------------- \n "}
{"level":"info","time":"2022-12-15T18:16:20.311782393-03:00","caller":"/go/src/pkg/routines/AnalyzeCode.go:56","stack":"","message":"\n[GO STATIC CHECK] -------------------------------------------- \n "}
{"level":"info","time":"2022-12-15T18:16:20.436254062-03:00","caller":"/go/src/pkg/routines/AnalyzeCode.go:46","stack":"","message":"\n[GOCRITIC] -------------------------------------------- \u000b "}
{"level":"info","time":"2022-12-15T18:16:57.244570868-03:00","caller":"/go/src/pkg/routines/DocSwagger.go:15","stack":"","message":"\n[SWAGGER] ------------------- \n\t2022/12/15 18:16:56 Generate swagger docs....\n2022/12/15 18:16:56 Generate general API Info, search dir:./\n2022/12/15 18:16:57 create docs.go at  docs/docs.go\n2022/12/15 18:16:57 create swagger.json at  docs/swagger.json\n2022/12/15 18:16:57 create swagger.yaml at  docs/swagger.yaml\n"}
{"level":"info","time":"2022-12-15T18:16:57.246012416-03:00","caller":"/go/src/pkg/server.go:96","stack":"","message":"[UP]: 2022-12-15T21:16:56.960810884Z | [TZ]: America/Sao_Paulo | [HOST]: 0.0.0.0:9000 | [ENVIRONMENT]: dev"}
{"level":"info","time":"2022-12-15T18:16:57.256167572-03:00","caller":"/go/src/pkg/routines/AnalyzeCode.go:36","stack":"","message":"\n[GOIMPORTS] -------------------------------------------- \n "}
{"level":"info","time":"2022-12-15T18:16:57.268058885-03:00","caller":"/go/src/pkg/routines/AnalyzeCode.go:26","stack":"","message":"\n[GOLINT] -------------------------------------------- \n "}
{"level":"info","time":"2022-12-15T18:16:58.71672297-03:00","caller":"/go/src/pkg/routines/AnalyzeCode.go:16","stack":"","message":"\n[GO VET] -------------------------------------------- \n "}
{"level":"info","time":"2022-12-15T18:16:59.457683982-03:00","caller":"/go/src/pkg/routines/AnalyzeCode.go:56","stack":"","message":"\n[GO STATIC CHECK] -------------------------------------------- \n "}
{"level":"info","time":"2022-12-15T18:16:59.485529097-03:00","caller":"/go/src/pkg/routines/AnalyzeCode.go:46","stack":"","message":"\n[GOCRITIC] -------------------------------------------- \u000b "}
{"level":"info","time":"2022-12-15T18:18:00.205007966-03:00","caller":"/go/src/pkg/routines/DocSwagger.go:15","stack":"","message":"\n[SWAGGER] ------------------- \n\t2022/12/15 18:17:59 Generate swagger docs....\n2022/12/15 18:17:59 Generate general API Info, search dir:./\n2022/12/15 18:18:00 create docs.go at  docs/docs.go\n2022/12/15 18:18:00 create swagger.json at  docs/swagger.json\n2022/12/15 18:18:00 create swagger.yaml at  docs/swagger.yaml\n"}
{"level":"info","time":"2022-12-15T18:18:00.205645213-03:00","caller":"/go/src/pkg/server.go:96","stack":"","message":"[UP]: 2022-12-15T21:17:59.982475464Z | [TZ]: America/Sao_Paulo | [HOST]: 0.0.0.0:9000 | [ENVIRONMENT]: dev"}
{"level":"info","time":"2022-12-15T18:18:00.216052367-03:00","caller":"/go/src/pkg/routines/AnalyzeCode.go:36","stack":"","message":"\n[GOIMPORTS] -------------------------------------------- \n "}
{"level":"info","time":"2022-12-15T18:18:00.220086802-03:00","caller":"/go/src/pkg/routines/AnalyzeCode.go:26","stack":"","message":"\n[GOLINT] -------------------------------------------- \n "}
{"level":"info","time":"2022-12-15T18:18:01.560663369-03:00","caller":"/go/src/pkg/routines/AnalyzeCode.go:16","stack":"","message":"\n[GO VET] -------------------------------------------- \n "}
{"level":"info","time":"2022-12-15T18:18:01.669577891-03:00","caller":"/go/src/pkg/routines/AnalyzeCode.go:56","stack":"","message":"\n[GO STATIC CHECK] -------------------------------------------- \n "}
{"level":"info","time":"2022-12-15T18:18:02.24302145-03:00","caller":"/go/src/pkg/routines/AnalyzeCode.go:46","stack":"","message":"\n[GOCRITIC] -------------------------------------------- \u000b "}
{"level":"info","time":"2022-12-15T18:18:21.705744468-03:00","caller":"/go/src/pkg/routines/DocSwagger.go:15","stack":"","message":"\n[SWAGGER] ------------------- \n\t2022/12/15 18:18:21 Generate swagger docs....\n2022/12/15 18:18:21 Generate general API Info, search dir:./\n2022/12/15 18:18:21 create docs.go at  docs/docs.go\n2022/12/15 18:18:21 create swagger.json at  docs/swagger.json\n2022/12/15 18:18:21 create swagger.yaml at  docs/swagger.yaml\n"}
{"level":"info","time":"2022-12-15T18:18:21.709696466-03:00","caller":"/go/src/pkg/server.go:96","stack":"","message":"[UP]: 2022-12-15T21:18:21.462431308Z | [TZ]: America/Sao_Paulo | [HOST]: 0.0.0.0:9000 | [ENVIRONMENT]: dev"}
{"level":"info","time":"2022-12-15T18:18:21.722083474-03:00","caller":"/go/src/pkg/routines/AnalyzeCode.go:26","stack":"","message":"\n[GOLINT] -------------------------------------------- \n "}
{"level":"info","time":"2022-12-15T18:18:21.729815717-03:00","caller":"/go/src/pkg/routines/AnalyzeCode.go:36","stack":"","message":"\n[GOIMPORTS] -------------------------------------------- \n "}
{"level":"info","time":"2022-12-15T18:18:23.103250435-03:00","caller":"/go/src/pkg/routines/AnalyzeCode.go:16","stack":"","message":"\n[GO VET] -------------------------------------------- \n "}
{"level":"info","time":"2022-12-15T18:18:23.94609235-03:00","caller":"/go/src/pkg/routines/AnalyzeCode.go:56","stack":"","message":"\n[GO STATIC CHECK] -------------------------------------------- \n "}
{"level":"info","time":"2022-12-15T18:18:23.965473236-03:00","caller":"/go/src/pkg/routines/AnalyzeCode.go:46","stack":"","message":"\n[GOCRITIC] -------------------------------------------- \u000b "}
{"level":"info","time":"2022-12-15T18:20:33.311044978-03:00","caller":"/go/src/pkg/routines/DocSwagger.go:15","stack":"","message":"\n[SWAGGER] ------------------- \n\t2022/12/15 18:20:33 Generate swagger docs....\n2022/12/15 18:20:33 Generate general API Info, search dir:./\n2022/12/15 18:20:33 create docs.go at  docs/docs.go\n2022/12/15 18:20:33 create swagger.json at  docs/swagger.json\n2022/12/15 18:20:33 create swagger.yaml at  docs/swagger.yaml\n"}
{"level":"info","time":"2022-12-15T18:20:33.311652728-03:00","caller":"/go/src/pkg/server.go:96","stack":"","message":"[UP]: 2022-12-15T21:20:33.083603098Z | [TZ]: America/Sao_Paulo | [HOST]: 0.0.0.0:9000 | [ENVIRONMENT]: dev"}
{"level":"info","time":"2022-12-15T18:20:33.321698842-03:00","caller":"/go/src/pkg/routines/AnalyzeCode.go:36","stack":"","message":"\n[GOIMPORTS] -------------------------------------------- \n "}
{"level":"info","time":"2022-12-15T18:20:33.352468976-03:00","caller":"/go/src/pkg/routines/AnalyzeCode.go:26","stack":"","message":"\n[GOLINT] -------------------------------------------- \n "}
{"level":"info","time":"2022-12-15T18:20:34.675622999-03:00","caller":"/go/src/pkg/routines/AnalyzeCode.go:16","stack":"","message":"\n[GO VET] -------------------------------------------- \n "}
{"level":"info","time":"2022-12-15T18:20:34.761214721-03:00","caller":"/go/src/pkg/routines/AnalyzeCode.go:56","stack":"","message":"\n[GO STATIC CHECK] -------------------------------------------- \n "}
{"level":"info","time":"2022-12-15T18:20:35.26934867-03:00","caller":"/go/src/pkg/routines/AnalyzeCode.go:46","stack":"","message":"\n[GOCRITIC] -------------------------------------------- \u000b "}
{"level":"info","time":"2022-12-15T18:22:20.232102467-03:00","caller":"/go/src/pkg/routines/DocSwagger.go:15","stack":"","message":"\n[SWAGGER] ------------------- \n\t2022/12/15 18:22:19 Generate swagger docs....\n2022/12/15 18:22:19 Generate general API Info, search dir:./\n2022/12/15 18:22:20 create docs.go at  docs/docs.go\n2022/12/15 18:22:20 create swagger.json at  docs/swagger.json\n2022/12/15 18:22:20 create swagger.yaml at  docs/swagger.yaml\n"}
{"level":"info","time":"2022-12-15T18:22:20.233049609-03:00","caller":"/go/src/pkg/server.go:96","stack":"","message":"[UP]: 2022-12-15T21:22:19.885708024Z | [TZ]: America/Sao_Paulo | [HOST]: 0.0.0.0:9000 | [ENVIRONMENT]: dev"}
{"level":"info","time":"2022-12-15T18:22:20.242235859-03:00","caller":"/go/src/pkg/routines/AnalyzeCode.go:26","stack":"","message":"\n[GOLINT] -------------------------------------------- \n "}
{"level":"info","time":"2022-12-15T18:22:20.276711785-03:00","caller":"/go/src/pkg/routines/AnalyzeCode.go:36","stack":"","message":"\n[GOIMPORTS] -------------------------------------------- \n "}
{"level":"info","time":"2022-12-15T18:22:21.534810039-03:00","caller":"/go/src/pkg/routines/AnalyzeCode.go:16","stack":"","message":"\n[GO VET] -------------------------------------------- \n "}
{"level":"info","time":"2022-12-15T18:22:22.021009525-03:00","caller":"/go/src/pkg/routines/AnalyzeCode.go:56","stack":"","message":"\n[GO STATIC CHECK] -------------------------------------------- \n "}
{"level":"info","time":"2022-12-15T18:22:22.294382187-03:00","caller":"/go/src/pkg/routines/AnalyzeCode.go:46","stack":"","message":"\n[GOCRITIC] -------------------------------------------- \u000b "}
{"level":"info","time":"2022-12-15T18:24:08.976976034-03:00","caller":"/go/src/pkg/routines/DocSwagger.go:15","stack":"","message":"\n[SWAGGER] ------------------- \n\t2022/12/15 18:24:08 Generate swagger docs....\n2022/12/15 18:24:08 Generate general API Info, search dir:./\n2022/12/15 18:24:08 create docs.go at  docs/docs.go\n2022/12/15 18:24:08 create swagger.json at  docs/swagger.json\n2022/12/15 18:24:08 create swagger.yaml at  docs/swagger.yaml\n"}
{"level":"info","time":"2022-12-15T18:24:08.977577007-03:00","caller":"/go/src/pkg/server.go:96","stack":"","message":"[UP]: 2022-12-15T21:24:08.78010796Z | [TZ]: America/Sao_Paulo | [HOST]: 0.0.0.0:9000 | [ENVIRONMENT]: dev"}
{"level":"info","time":"2022-12-15T18:24:09.014308847-03:00","caller":"/go/src/pkg/routines/AnalyzeCode.go:26","stack":"","message":"\n[GOLINT] -------------------------------------------- \n "}
{"level":"info","time":"2022-12-15T18:24:09.025915765-03:00","caller":"/go/src/pkg/routines/AnalyzeCode.go:36","stack":"","message":"\n[GOIMPORTS] -------------------------------------------- \n "}
{"level":"info","time":"2022-12-15T18:24:10.591029275-03:00","caller":"/go/src/pkg/routines/AnalyzeCode.go:16","stack":"","message":"\n[GO VET] -------------------------------------------- \n "}
{"level":"info","time":"2022-12-15T18:24:11.493439805-03:00","caller":"/go/src/pkg/routines/AnalyzeCode.go:56","stack":"","message":"\n[GO STATIC CHECK] -------------------------------------------- \n "}
{"level":"info","time":"2022-12-15T18:24:11.523909343-03:00","caller":"/go/src/pkg/routines/AnalyzeCode.go:46","stack":"","message":"\n[GOCRITIC] -------------------------------------------- \u000b "}
{"level":"info","time":"2022-12-15T18:24:22.379237092-03:00","caller":"/go/src/pkg/routines/DocSwagger.go:15","stack":"","message":"\n[SWAGGER] ------------------- \n\t2022/12/15 18:24:22 Generate swagger docs....\n2022/12/15 18:24:22 Generate general API Info, search dir:./\n2022/12/15 18:24:22 create docs.go at  docs/docs.go\n2022/12/15 18:24:22 create swagger.json at  docs/swagger.json\n2022/12/15 18:24:22 create swagger.yaml at  docs/swagger.yaml\n"}
{"level":"info","time":"2022-12-15T18:24:22.380783134-03:00","caller":"/go/src/pkg/server.go:96","stack":"","message":"[UP]: 2022-12-15T21:24:22.163226174Z | [TZ]: America/Sao_Paulo | [HOST]: 0.0.0.0:9000 | [ENVIRONMENT]: dev"}
{"level":"info","time":"2022-12-15T18:24:22.398099396-03:00","caller":"/go/src/pkg/routines/AnalyzeCode.go:36","stack":"","message":"\n[GOIMPORTS] -------------------------------------------- \n "}
{"level":"info","time":"2022-12-15T18:24:22.411999011-03:00","caller":"/go/src/pkg/routines/AnalyzeCode.go:26","stack":"","message":"\n[GOLINT] -------------------------------------------- \n "}
{"level":"info","time":"2022-12-15T18:24:24.505772479-03:00","caller":"/go/src/pkg/routines/AnalyzeCode.go:16","stack":"","message":"\n[GO VET] -------------------------------------------- \n "}
{"level":"info","time":"2022-12-15T18:24:25.001106773-03:00","caller":"/go/src/pkg/routines/AnalyzeCode.go:56","stack":"","message":"\n[GO STATIC CHECK] -------------------------------------------- \n "}
{"level":"info","time":"2022-12-15T18:24:25.191633503-03:00","caller":"/go/src/pkg/routines/AnalyzeCode.go:46","stack":"","message":"\n[GOCRITIC] -------------------------------------------- \u000b "}
{"level":"info","time":"2022-12-15T18:24:45.006500647-03:00","caller":"/go/src/pkg/routines/DocSwagger.go:15","stack":"","message":"\n[SWAGGER] ------------------- \n\t2022/12/15 18:24:44 Generate swagger docs....\n2022/12/15 18:24:44 Generate general API Info, search dir:./\n2022/12/15 18:24:45 create docs.go at  docs/docs.go\n2022/12/15 18:24:45 create swagger.json at  docs/swagger.json\n2022/12/15 18:24:45 create swagger.yaml at  docs/swagger.yaml\n"}
{"level":"info","time":"2022-12-15T18:24:45.007176931-03:00","caller":"/go/src/pkg/server.go:96","stack":"","message":"[UP]: 2022-12-15T21:24:44.736906029Z | [TZ]: America/Sao_Paulo | [HOST]: 0.0.0.0:9000 | [ENVIRONMENT]: dev"}
{"level":"info","time":"2022-12-15T18:24:45.018434838-03:00","caller":"/go/src/pkg/routines/AnalyzeCode.go:36","stack":"","message":"\n[GOIMPORTS] -------------------------------------------- \n "}
{"level":"info","time":"2022-12-15T18:24:45.0492987-03:00","caller":"/go/src/pkg/routines/AnalyzeCode.go:26","stack":"","message":"\n[GOLINT] -------------------------------------------- \n "}
{"level":"info","time":"2022-12-15T18:24:46.683439823-03:00","caller":"/go/src/pkg/routines/AnalyzeCode.go:16","stack":"","message":"\n[GO VET] -------------------------------------------- \n "}
{"level":"info","time":"2022-12-15T18:24:47.516852664-03:00","caller":"/go/src/pkg/routines/AnalyzeCode.go:56","stack":"","message":"\n[GO STATIC CHECK] -------------------------------------------- \n "}
{"level":"info","time":"2022-12-15T18:24:47.588000209-03:00","caller":"/go/src/pkg/routines/AnalyzeCode.go:46","stack":"","message":"\n[GOCRITIC] -------------------------------------------- \u000b "}
{"level":"info","time":"2022-12-15T18:25:23.64012997-03:00","caller":"/go/src/pkg/routines/DocSwagger.go:15","stack":"","message":"\n[SWAGGER] ------------------- \n\t2022/12/15 18:25:23 Generate swagger docs....\n2022/12/15 18:25:23 Generate general API Info, search dir:./\n2022/12/15 18:25:23 create docs.go at  docs/docs.go\n2022/12/15 18:25:23 create swagger.json at  docs/swagger.json\n2022/12/15 18:25:23 create swagger.yaml at  docs/swagger.yaml\n"}
{"level":"info","time":"2022-12-15T18:25:23.640723957-03:00","caller":"/go/src/pkg/server.go:96","stack":"","message":"[UP]: 2022-12-15T21:25:23.325096374Z | [TZ]: America/Sao_Paulo | [HOST]: 0.0.0.0:9000 | [ENVIRONMENT]: dev"}
{"level":"info","time":"2022-12-15T18:25:23.653010284-03:00","caller":"/go/src/pkg/routines/AnalyzeCode.go:36","stack":"","message":"\n[GOIMPORTS] -------------------------------------------- \n "}
{"level":"info","time":"2022-12-15T18:25:23.664624794-03:00","caller":"/go/src/pkg/routines/AnalyzeCode.go:26","stack":"","message":"\n[GOLINT] -------------------------------------------- \n "}
{"level":"info","time":"2022-12-15T18:25:25.151334526-03:00","caller":"/go/src/pkg/routines/AnalyzeCode.go:16","stack":"","message":"\n[GO VET] -------------------------------------------- \n "}
{"level":"info","time":"2022-12-15T18:25:25.239341942-03:00","caller":"/go/src/pkg/routines/AnalyzeCode.go:56","stack":"","message":"\n[GO STATIC CHECK] -------------------------------------------- \n "}
{"level":"info","time":"2022-12-15T18:25:25.876465438-03:00","caller":"/go/src/pkg/routines/AnalyzeCode.go:46","stack":"","message":"\n[GOCRITIC] -------------------------------------------- \u000b "}
{"level":"info","time":"2022-12-15T18:28:45.390885731-03:00","caller":"/go/src/pkg/routines/DocSwagger.go:15","stack":"","message":"\n[SWAGGER] ------------------- \n\t2022/12/15 18:28:45 Generate swagger docs....\n2022/12/15 18:28:45 Generate general API Info, search dir:./\n2022/12/15 18:28:45 create docs.go at  docs/docs.go\n2022/12/15 18:28:45 create swagger.json at  docs/swagger.json\n2022/12/15 18:28:45 create swagger.yaml at  docs/swagger.yaml\n"}
{"level":"info","time":"2022-12-15T18:28:45.393516399-03:00","caller":"/go/src/pkg/server.go:96","stack":"","message":"[UP]: 2022-12-15T21:28:45.181301891Z | [TZ]: America/Sao_Paulo | [HOST]: 0.0.0.0:9000 | [ENVIRONMENT]: dev"}
{"level":"info","time":"2022-12-15T18:28:45.398945504-03:00","caller":"/go/src/pkg/routines/AnalyzeCode.go:36","stack":"","message":"\n[GOIMPORTS] -------------------------------------------- \n "}
{"level":"info","time":"2022-12-15T18:28:45.405775051-03:00","caller":"/go/src/pkg/routines/AnalyzeCode.go:26","stack":"","message":"\n[GOLINT] -------------------------------------------- \n "}
{"level":"info","time":"2022-12-15T18:28:46.798075847-03:00","caller":"/go/src/pkg/routines/AnalyzeCode.go:16","stack":"","message":"\n[GO VET] -------------------------------------------- \n "}
{"level":"info","time":"2022-12-15T18:28:47.707903936-03:00","caller":"/go/src/pkg/routines/AnalyzeCode.go:56","stack":"","message":"\n[GO STATIC CHECK] -------------------------------------------- \n "}
{"level":"info","time":"2022-12-15T18:28:47.759492322-03:00","caller":"/go/src/pkg/routines/AnalyzeCode.go:46","stack":"","message":"\n[GOCRITIC] -------------------------------------------- \u000b "}
